TN:
SF:src/NftAttributes.sol
FN:43,NftAttributes.readTokenAttributes
FNDA:4,NftAttributes.readTokenAttributes
DA:45,4
FN:49,NftAttributes.parseTokenAttributes
FNDA:4,NftAttributes.parseTokenAttributes
DA:50,4
DA:51,4
DA:52,4
DA:53,4
DA:54,4
DA:55,4
DA:56,4
DA:57,4
DA:58,4
DA:59,4
DA:60,4
DA:61,4
FN:64,NftAttributes.parseTokenAttributes2
FNDA:0,NftAttributes.parseTokenAttributes2
DA:65,0
DA:66,0
DA:67,0
DA:68,0
DA:69,0
DA:70,0
DA:71,0
DA:72,0
DA:73,0
DA:74,0
DA:75,0
DA:76,0
DA:77,0
DA:78,0
DA:79,0
DA:80,0
DA:81,0
DA:82,0
DA:83,0
DA:84,0
DA:85,0
DA:86,0
DA:87,0
FNF:3
FNH:2
LF:36
LH:13
BRF:0
BRH:0
end_of_record
