TN:
SF:src/NftAttributes.sol
FN:31,NftAttributes.readTokenAttributes
FNDA:4,NftAttributes.readTokenAttributes
DA:33,4
FN:37,NftAttributes.parseTokenAttributes
FNDA:4,NftAttributes.parseTokenAttributes
DA:38,4
DA:39,4
DA:40,4
DA:41,4
DA:42,4
DA:43,4
DA:44,4
DA:45,4
DA:46,4
DA:47,4
DA:48,4
DA:49,4
FNF:2
FNH:2
LF:13
LH:13
BRF:0
BRH:0
end_of_record
TN:
SF:src/NftAttributesPacked.sol
FN:41,NftAttributesPacked.readTokenAttributes
FNDA:4,NftAttributesPacked.readTokenAttributes
DA:43,4
DA:44,4
DA:45,4
DA:46,4
DA:48,4
FN:52,NftAttributesPacked.parseTokenAttributes
FNDA:4,NftAttributesPacked.parseTokenAttributes
DA:53,4
DA:54,4
DA:55,4
DA:56,4
DA:57,4
DA:58,4
DA:59,4
DA:60,4
DA:61,4
DA:62,4
DA:63,4
DA:64,4
FN:67,NftAttributesPacked.divRoundUp
FNDA:4,NftAttributesPacked.divRoundUp
DA:74,4
BRDA:74,0,0,-
DA:80,4
FNF:3
FNH:3
LF:19
LH:19
BRF:1
BRH:0
end_of_record
